<?xml version="1.0" encoding="UTF-8"?>
<testng-results ignored="0" total="2" passed="2" failed="0" skipped="0">
  <reporter-output>
  </reporter-output>
  <suite started-at="2023-01-05T10:57:39 IST" name="Suite" finished-at="2023-01-05T10:58:08 IST" duration-ms="29037">
    <groups>
    </groups>
    <test started-at="2023-01-05T10:57:39 IST" name="Test" finished-at="2023-01-05T10:58:08 IST" duration-ms="29037">
      <class name="framework.SecondTestNG">
        <test-method is-config="true" signature="beforeTest()[pri:0, instance:framework.SecondTestNG@7334aada]" started-at="2023-01-05T10:57:39 IST" name="beforeTest" finished-at="2023-01-05T10:57:51 IST" duration-ms="11430" status="PASS">
          <reporter-output>
          </reporter-output>
        </test-method> <!-- beforeTest -->
        <test-method signature="f()[pri:0, instance:framework.SecondTestNG@7334aada]" started-at="2023-01-05T10:58:00 IST" name="f" finished-at="2023-01-05T10:58:00 IST" duration-ms="423" status="PASS">
          <reporter-output>
          </reporter-output>
        </test-method> <!-- f -->
        <test-method is-config="true" signature="afterTest()[pri:0, instance:framework.SecondTestNG@7334aada]" started-at="2023-01-05T10:58:07 IST" name="afterTest" finished-at="2023-01-05T10:58:08 IST" duration-ms="690" status="PASS">
          <reporter-output>
          </reporter-output>
        </test-method> <!-- afterTest -->
      </class> <!-- framework.SecondTestNG -->
      <class name="framework.ThirdTestNGSuite">
        <test-method is-config="true" signature="beforeTest()[pri:0, instance:framework.ThirdTestNGSuite@7fa98a66]" started-at="2023-01-05T10:57:51 IST" name="beforeTest" finished-at="2023-01-05T10:58:00 IST" duration-ms="8705" status="PASS">
          <reporter-output>
          </reporter-output>
        </test-method> <!-- beforeTest -->
        <test-method signature="f()[pri:0, instance:framework.ThirdTestNGSuite@7fa98a66]" started-at="2023-01-05T10:58:00 IST" name="f" finished-at="2023-01-05T10:58:07 IST" duration-ms="7308" status="PASS">
          <reporter-output>
          </reporter-output>
        </test-method> <!-- f -->
        <test-method is-config="true" signature="afterTest()[pri:0, instance:framework.ThirdTestNGSuite@7fa98a66]" started-at="2023-01-05T10:58:08 IST" name="afterTest" finished-at="2023-01-05T10:58:08 IST" duration-ms="434" status="PASS">
          <reporter-output>
          </reporter-output>
        </test-method> <!-- afterTest -->
      </class> <!-- framework.ThirdTestNGSuite -->
    </test> <!-- Test -->
  </suite> <!-- Suite -->
</testng-results>
